<?xml version="1.0" encoding="UTF-8"?>
<!-- Generated by org.testng.reporters.JUnitXMLReporter -->
<testsuite ignored="1" hostname="Placek-PC" failures="0" tests="1" name="Default test" time="15.355" errors="0" timestamp="15 paź 2020 09:28:56 GMT">
  <testcase classname="com.in28minutes.page.objects.UpdateToDoBasicTestNewTest" name="updateToDo" time="11.233"/>
  <testcase classname="com.in28minutes.page.objects.UpdateToDoBasicTestNewTest" name="loginPageObjet" time="0.0">
    <ignored/>
  </testcase> <!-- loginPageObjet -->
</testsuite> <!-- Default test -->
