<?xml version="1.0" encoding="UTF-8"?>
<testng-results ignored="1" total="2" passed="1" failed="0" skipped="0">
  <reporter-output>
  </reporter-output>
  <suite started-at="2020-10-15T09:28:41Z" name="Default suite" finished-at="2020-10-15T09:28:56Z" duration-ms="15355">
    <groups>
    </groups>
    <test started-at="2020-10-15T09:28:41Z" name="Default test" finished-at="2020-10-15T09:28:56Z" duration-ms="15355">
      <class name="com.in28minutes.page.objects.UpdateToDoBasicTestNewTest">
        <test-method is-config="true" signature="beforeTest()[pri:0, instance:com.in28minutes.page.objects.UpdateToDoBasicTestNewTest@2e385cce]" started-at="2020-10-15T09:28:41Z" name="beforeTest" finished-at="2020-10-15T09:28:45Z" duration-ms="3504" status="PASS">
          <reporter-output>
          </reporter-output>
        </test-method> <!-- beforeTest -->
        <test-method signature="updateToDo()[pri:0, instance:com.in28minutes.page.objects.UpdateToDoBasicTestNewTest@2e385cce]" started-at="2020-10-15T09:28:45Z" name="updateToDo" finished-at="2020-10-15T09:28:56Z" duration-ms="11233" status="PASS">
          <reporter-output>
          </reporter-output>
        </test-method> <!-- updateToDo -->
        <test-method is-config="true" signature="afterTest()[pri:0, instance:com.in28minutes.page.objects.UpdateToDoBasicTestNewTest@2e385cce]" started-at="2020-10-15T09:28:56Z" name="afterTest" finished-at="2020-10-15T09:28:56Z" duration-ms="605" status="PASS">
          <reporter-output>
          </reporter-output>
        </test-method> <!-- afterTest -->
      </class> <!-- com.in28minutes.page.objects.UpdateToDoBasicTestNewTest -->
    </test> <!-- Default test -->
  </suite> <!-- Default suite -->
</testng-results>
